/usr/local/rvm/gems/ruby-2.2.3/gems/railties-4.2.4/lib/rails/commands/runner.rb:62:in `<top (required)>': uninitialized constant EsodCase (NameError)
	from /usr/local/rvm/gems/ruby-2.2.3/gems/railties-4.2.4/lib/rails/commands/runner.rb:62:in `eval'
	from /usr/local/rvm/gems/ruby-2.2.3/gems/railties-4.2.4/lib/rails/commands/runner.rb:62:in `<top (required)>'
	from /usr/local/rvm/gems/ruby-2.2.3/gems/railties-4.2.4/lib/rails/commands/commands_tasks.rb:123:in `require_command!'
	from /usr/local/rvm/gems/ruby-2.2.3/gems/railties-4.2.4/lib/rails/commands/commands_tasks.rb:90:in `runner'
	from /usr/local/rvm/gems/ruby-2.2.3/gems/railties-4.2.4/lib/rails/commands/commands_tasks.rb:39:in `run_command!'
	from /usr/local/rvm/gems/ruby-2.2.3/gems/railties-4.2.4/lib/rails/commands.rb:17:in `<top (required)>'
	from /home/bogdan/www/20160524_netpar/bin/rails:8:in `<top (required)>'
	from /usr/local/rvm/rubies/ruby-2.2.3/lib/ruby/site_ruby/2.2.0/rubygems/core_ext/kernel_require.rb:54:in `require'
	from /usr/local/rvm/rubies/ruby-2.2.3/lib/ruby/site_ruby/2.2.0/rubygems/core_ext/kernel_require.rb:54:in `require'
	from -e:1:in `<main>'
Running via Spring preloader in process 55982
/usr/local/rvm/gems/ruby-2.2.3/gems/railties-4.2.4/lib/rails/commands/runner.rb:62:in `<top (required)>': uninitialized constant EsodCase (NameError)
	from /usr/local/rvm/gems/ruby-2.2.3/gems/railties-4.2.4/lib/rails/commands/runner.rb:62:in `eval'
	from /usr/local/rvm/gems/ruby-2.2.3/gems/railties-4.2.4/lib/rails/commands/runner.rb:62:in `<top (required)>'
	from /usr/local/rvm/gems/ruby-2.2.3/gems/railties-4.2.4/lib/rails/commands/commands_tasks.rb:123:in `require_command!'
	from /usr/local/rvm/gems/ruby-2.2.3/gems/railties-4.2.4/lib/rails/commands/commands_tasks.rb:90:in `runner'
	from /usr/local/rvm/gems/ruby-2.2.3/gems/railties-4.2.4/lib/rails/commands/commands_tasks.rb:39:in `run_command!'
	from /usr/local/rvm/gems/ruby-2.2.3/gems/railties-4.2.4/lib/rails/commands.rb:17:in `<top (required)>'
	from /home/bogdan/www/20160524_netpar/bin/rails:8:in `<top (required)>'
	from /usr/local/rvm/rubies/ruby-2.2.3/lib/ruby/site_ruby/2.2.0/rubygems/core_ext/kernel_require.rb:54:in `require'
	from /usr/local/rvm/rubies/ruby-2.2.3/lib/ruby/site_ruby/2.2.0/rubygems/core_ext/kernel_require.rb:54:in `require'
	from -e:1:in `<main>'
Running via Spring preloader in process 56144
/usr/local/rvm/gems/ruby-2.2.3/gems/railties-4.2.4/lib/rails/commands/runner.rb:62:in `<top (required)>': uninitialized constant EsodCase (NameError)
	from /usr/local/rvm/gems/ruby-2.2.3/gems/railties-4.2.4/lib/rails/commands/runner.rb:62:in `eval'
	from /usr/local/rvm/gems/ruby-2.2.3/gems/railties-4.2.4/lib/rails/commands/runner.rb:62:in `<top (required)>'
	from /usr/local/rvm/gems/ruby-2.2.3/gems/railties-4.2.4/lib/rails/commands/commands_tasks.rb:123:in `require_command!'
	from /usr/local/rvm/gems/ruby-2.2.3/gems/railties-4.2.4/lib/rails/commands/commands_tasks.rb:90:in `runner'
	from /usr/local/rvm/gems/ruby-2.2.3/gems/railties-4.2.4/lib/rails/commands/commands_tasks.rb:39:in `run_command!'
	from /usr/local/rvm/gems/ruby-2.2.3/gems/railties-4.2.4/lib/rails/commands.rb:17:in `<top (required)>'
	from /home/bogdan/www/20160524_netpar/bin/rails:8:in `<top (required)>'
	from /usr/local/rvm/rubies/ruby-2.2.3/lib/ruby/site_ruby/2.2.0/rubygems/core_ext/kernel_require.rb:54:in `require'
	from /usr/local/rvm/rubies/ruby-2.2.3/lib/ruby/site_ruby/2.2.0/rubygems/core_ext/kernel_require.rb:54:in `require'
	from -e:1:in `<main>'
Running via Spring preloader in process 56259
/usr/local/rvm/gems/ruby-2.2.3/gems/railties-4.2.4/lib/rails/commands/runner.rb:62:in `<top (required)>': uninitialized constant EsodCase (NameError)
	from /usr/local/rvm/gems/ruby-2.2.3/gems/railties-4.2.4/lib/rails/commands/runner.rb:62:in `eval'
	from /usr/local/rvm/gems/ruby-2.2.3/gems/railties-4.2.4/lib/rails/commands/runner.rb:62:in `<top (required)>'
	from /usr/local/rvm/gems/ruby-2.2.3/gems/railties-4.2.4/lib/rails/commands/commands_tasks.rb:123:in `require_command!'
	from /usr/local/rvm/gems/ruby-2.2.3/gems/railties-4.2.4/lib/rails/commands/commands_tasks.rb:90:in `runner'
	from /usr/local/rvm/gems/ruby-2.2.3/gems/railties-4.2.4/lib/rails/commands/commands_tasks.rb:39:in `run_command!'
	from /usr/local/rvm/gems/ruby-2.2.3/gems/railties-4.2.4/lib/rails/commands.rb:17:in `<top (required)>'
	from /home/bogdan/www/20160524_netpar/bin/rails:8:in `<top (required)>'
	from /usr/local/rvm/rubies/ruby-2.2.3/lib/ruby/site_ruby/2.2.0/rubygems/core_ext/kernel_require.rb:54:in `require'
	from /usr/local/rvm/rubies/ruby-2.2.3/lib/ruby/site_ruby/2.2.0/rubygems/core_ext/kernel_require.rb:54:in `require'
	from -e:1:in `<main>'
Running via Spring preloader in process 56370
/usr/local/rvm/gems/ruby-2.2.3/gems/railties-4.2.4/lib/rails/commands/runner.rb:62:in `<top (required)>': uninitialized constant EsodCase (NameError)
	from /usr/local/rvm/gems/ruby-2.2.3/gems/railties-4.2.4/lib/rails/commands/runner.rb:62:in `eval'
	from /usr/local/rvm/gems/ruby-2.2.3/gems/railties-4.2.4/lib/rails/commands/runner.rb:62:in `<top (required)>'
	from /usr/local/rvm/gems/ruby-2.2.3/gems/railties-4.2.4/lib/rails/commands/commands_tasks.rb:123:in `require_command!'
	from /usr/local/rvm/gems/ruby-2.2.3/gems/railties-4.2.4/lib/rails/commands/commands_tasks.rb:90:in `runner'
	from /usr/local/rvm/gems/ruby-2.2.3/gems/railties-4.2.4/lib/rails/commands/commands_tasks.rb:39:in `run_command!'
	from /usr/local/rvm/gems/ruby-2.2.3/gems/railties-4.2.4/lib/rails/commands.rb:17:in `<top (required)>'
	from /home/bogdan/www/20160524_netpar/bin/rails:8:in `<top (required)>'
	from /usr/local/rvm/rubies/ruby-2.2.3/lib/ruby/site_ruby/2.2.0/rubygems/core_ext/kernel_require.rb:54:in `require'
	from /usr/local/rvm/rubies/ruby-2.2.3/lib/ruby/site_ruby/2.2.0/rubygems/core_ext/kernel_require.rb:54:in `require'
	from -e:1:in `<main>'
Running via Spring preloader in process 56485
/usr/local/rvm/gems/ruby-2.2.3/gems/railties-4.2.4/lib/rails/commands/runner.rb:62:in `<top (required)>': uninitialized constant EsodCase (NameError)
	from /usr/local/rvm/gems/ruby-2.2.3/gems/railties-4.2.4/lib/rails/commands/runner.rb:62:in `eval'
	from /usr/local/rvm/gems/ruby-2.2.3/gems/railties-4.2.4/lib/rails/commands/runner.rb:62:in `<top (required)>'
	from /usr/local/rvm/gems/ruby-2.2.3/gems/railties-4.2.4/lib/rails/commands/commands_tasks.rb:123:in `require_command!'
	from /usr/local/rvm/gems/ruby-2.2.3/gems/railties-4.2.4/lib/rails/commands/commands_tasks.rb:90:in `runner'
	from /usr/local/rvm/gems/ruby-2.2.3/gems/railties-4.2.4/lib/rails/commands/commands_tasks.rb:39:in `run_command!'
	from /usr/local/rvm/gems/ruby-2.2.3/gems/railties-4.2.4/lib/rails/commands.rb:17:in `<top (required)>'
	from /home/bogdan/www/20160524_netpar/bin/rails:8:in `<top (required)>'
	from /usr/local/rvm/rubies/ruby-2.2.3/lib/ruby/site_ruby/2.2.0/rubygems/core_ext/kernel_require.rb:54:in `require'
	from /usr/local/rvm/rubies/ruby-2.2.3/lib/ruby/site_ruby/2.2.0/rubygems/core_ext/kernel_require.rb:54:in `require'
	from -e:1:in `<main>'
Running via Spring preloader in process 56596
/usr/local/rvm/gems/ruby-2.2.3/gems/railties-4.2.4/lib/rails/commands/runner.rb:62:in `<top (required)>': uninitialized constant EsodCase (NameError)
	from /usr/local/rvm/gems/ruby-2.2.3/gems/railties-4.2.4/lib/rails/commands/runner.rb:62:in `eval'
	from /usr/local/rvm/gems/ruby-2.2.3/gems/railties-4.2.4/lib/rails/commands/runner.rb:62:in `<top (required)>'
	from /usr/local/rvm/gems/ruby-2.2.3/gems/railties-4.2.4/lib/rails/commands/commands_tasks.rb:123:in `require_command!'
	from /usr/local/rvm/gems/ruby-2.2.3/gems/railties-4.2.4/lib/rails/commands/commands_tasks.rb:90:in `runner'
	from /usr/local/rvm/gems/ruby-2.2.3/gems/railties-4.2.4/lib/rails/commands/commands_tasks.rb:39:in `run_command!'
	from /usr/local/rvm/gems/ruby-2.2.3/gems/railties-4.2.4/lib/rails/commands.rb:17:in `<top (required)>'
	from /home/bogdan/www/20160524_netpar/bin/rails:8:in `<top (required)>'
	from /usr/local/rvm/rubies/ruby-2.2.3/lib/ruby/site_ruby/2.2.0/rubygems/core_ext/kernel_require.rb:54:in `require'
	from /usr/local/rvm/rubies/ruby-2.2.3/lib/ruby/site_ruby/2.2.0/rubygems/core_ext/kernel_require.rb:54:in `require'
	from -e:1:in `<main>'
Running via Spring preloader in process 56707
/usr/local/rvm/gems/ruby-2.2.3/gems/railties-4.2.4/lib/rails/commands/runner.rb:62:in `<top (required)>': uninitialized constant EsodCase (NameError)
	from /usr/local/rvm/gems/ruby-2.2.3/gems/railties-4.2.4/lib/rails/commands/runner.rb:62:in `eval'
	from /usr/local/rvm/gems/ruby-2.2.3/gems/railties-4.2.4/lib/rails/commands/runner.rb:62:in `<top (required)>'
	from /usr/local/rvm/gems/ruby-2.2.3/gems/railties-4.2.4/lib/rails/commands/commands_tasks.rb:123:in `require_command!'
	from /usr/local/rvm/gems/ruby-2.2.3/gems/railties-4.2.4/lib/rails/commands/commands_tasks.rb:90:in `runner'
	from /usr/local/rvm/gems/ruby-2.2.3/gems/railties-4.2.4/lib/rails/commands/commands_tasks.rb:39:in `run_command!'
	from /usr/local/rvm/gems/ruby-2.2.3/gems/railties-4.2.4/lib/rails/commands.rb:17:in `<top (required)>'
	from /home/bogdan/www/20160524_netpar/bin/rails:8:in `<top (required)>'
	from /usr/local/rvm/rubies/ruby-2.2.3/lib/ruby/site_ruby/2.2.0/rubygems/core_ext/kernel_require.rb:54:in `require'
	from /usr/local/rvm/rubies/ruby-2.2.3/lib/ruby/site_ruby/2.2.0/rubygems/core_ext/kernel_require.rb:54:in `require'
	from -e:1:in `<main>'
Running via Spring preloader in process 56818
/usr/local/rvm/gems/ruby-2.2.3/gems/railties-4.2.4/lib/rails/commands/runner.rb:62:in `<top (required)>': uninitialized constant EsodCase (NameError)
	from /usr/local/rvm/gems/ruby-2.2.3/gems/railties-4.2.4/lib/rails/commands/runner.rb:62:in `eval'
	from /usr/local/rvm/gems/ruby-2.2.3/gems/railties-4.2.4/lib/rails/commands/runner.rb:62:in `<top (required)>'
	from /usr/local/rvm/gems/ruby-2.2.3/gems/railties-4.2.4/lib/rails/commands/commands_tasks.rb:123:in `require_command!'
	from /usr/local/rvm/gems/ruby-2.2.3/gems/railties-4.2.4/lib/rails/commands/commands_tasks.rb:90:in `runner'
	from /usr/local/rvm/gems/ruby-2.2.3/gems/railties-4.2.4/lib/rails/commands/commands_tasks.rb:39:in `run_command!'
	from /usr/local/rvm/gems/ruby-2.2.3/gems/railties-4.2.4/lib/rails/commands.rb:17:in `<top (required)>'
	from /home/bogdan/www/20160524_netpar/bin/rails:8:in `<top (required)>'
	from /usr/local/rvm/rubies/ruby-2.2.3/lib/ruby/site_ruby/2.2.0/rubygems/core_ext/kernel_require.rb:54:in `require'
	from /usr/local/rvm/rubies/ruby-2.2.3/lib/ruby/site_ruby/2.2.0/rubygems/core_ext/kernel_require.rb:54:in `require'
	from -e:1:in `<main>'
Running via Spring preloader in process 56933
/usr/local/rvm/gems/ruby-2.2.3/gems/railties-4.2.4/lib/rails/commands/runner.rb:62:in `<top (required)>': uninitialized constant EsodCase (NameError)
	from /usr/local/rvm/gems/ruby-2.2.3/gems/railties-4.2.4/lib/rails/commands/runner.rb:62:in `eval'
	from /usr/local/rvm/gems/ruby-2.2.3/gems/railties-4.2.4/lib/rails/commands/runner.rb:62:in `<top (required)>'
	from /usr/local/rvm/gems/ruby-2.2.3/gems/railties-4.2.4/lib/rails/commands/commands_tasks.rb:123:in `require_command!'
	from /usr/local/rvm/gems/ruby-2.2.3/gems/railties-4.2.4/lib/rails/commands/commands_tasks.rb:90:in `runner'
	from /usr/local/rvm/gems/ruby-2.2.3/gems/railties-4.2.4/lib/rails/commands/commands_tasks.rb:39:in `run_command!'
	from /usr/local/rvm/gems/ruby-2.2.3/gems/railties-4.2.4/lib/rails/commands.rb:17:in `<top (required)>'
	from /home/bogdan/www/20160524_netpar/bin/rails:8:in `<top (required)>'
	from /usr/local/rvm/rubies/ruby-2.2.3/lib/ruby/site_ruby/2.2.0/rubygems/core_ext/kernel_require.rb:54:in `require'
	from /usr/local/rvm/rubies/ruby-2.2.3/lib/ruby/site_ruby/2.2.0/rubygems/core_ext/kernel_require.rb:54:in `require'
	from -e:1:in `<main>'
Running via Spring preloader in process 57063
/usr/local/rvm/gems/ruby-2.2.3/gems/railties-4.2.4/lib/rails/commands/runner.rb:62:in `<top (required)>': uninitialized constant EsodCase (NameError)
	from /usr/local/rvm/gems/ruby-2.2.3/gems/railties-4.2.4/lib/rails/commands/runner.rb:62:in `eval'
	from /usr/local/rvm/gems/ruby-2.2.3/gems/railties-4.2.4/lib/rails/commands/runner.rb:62:in `<top (required)>'
	from /usr/local/rvm/gems/ruby-2.2.3/gems/railties-4.2.4/lib/rails/commands/commands_tasks.rb:123:in `require_command!'
	from /usr/local/rvm/gems/ruby-2.2.3/gems/railties-4.2.4/lib/rails/commands/commands_tasks.rb:90:in `runner'
	from /usr/local/rvm/gems/ruby-2.2.3/gems/railties-4.2.4/lib/rails/commands/commands_tasks.rb:39:in `run_command!'
	from /usr/local/rvm/gems/ruby-2.2.3/gems/railties-4.2.4/lib/rails/commands.rb:17:in `<top (required)>'
	from /home/bogdan/www/20160524_netpar/bin/rails:8:in `<top (required)>'
	from /usr/local/rvm/rubies/ruby-2.2.3/lib/ruby/site_ruby/2.2.0/rubygems/core_ext/kernel_require.rb:54:in `require'
	from /usr/local/rvm/rubies/ruby-2.2.3/lib/ruby/site_ruby/2.2.0/rubygems/core_ext/kernel_require.rb:54:in `require'
	from -e:1:in `<main>'
Running via Spring preloader in process 57247
/usr/local/rvm/gems/ruby-2.2.3/gems/railties-4.2.4/lib/rails/commands/runner.rb:62:in `<top (required)>': uninitialized constant EsodCase (NameError)
	from /usr/local/rvm/gems/ruby-2.2.3/gems/railties-4.2.4/lib/rails/commands/runner.rb:62:in `eval'
	from /usr/local/rvm/gems/ruby-2.2.3/gems/railties-4.2.4/lib/rails/commands/runner.rb:62:in `<top (required)>'
	from /usr/local/rvm/gems/ruby-2.2.3/gems/railties-4.2.4/lib/rails/commands/commands_tasks.rb:123:in `require_command!'
	from /usr/local/rvm/gems/ruby-2.2.3/gems/railties-4.2.4/lib/rails/commands/commands_tasks.rb:90:in `runner'
	from /usr/local/rvm/gems/ruby-2.2.3/gems/railties-4.2.4/lib/rails/commands/commands_tasks.rb:39:in `run_command!'
	from /usr/local/rvm/gems/ruby-2.2.3/gems/railties-4.2.4/lib/rails/commands.rb:17:in `<top (required)>'
	from /home/bogdan/www/20160524_netpar/bin/rails:8:in `<top (required)>'
	from /usr/local/rvm/rubies/ruby-2.2.3/lib/ruby/site_ruby/2.2.0/rubygems/core_ext/kernel_require.rb:54:in `require'
	from /usr/local/rvm/rubies/ruby-2.2.3/lib/ruby/site_ruby/2.2.0/rubygems/core_ext/kernel_require.rb:54:in `require'
	from -e:1:in `<main>'
Running via Spring preloader in process 57401
/usr/local/rvm/gems/ruby-2.2.3/gems/railties-4.2.4/lib/rails/commands/runner.rb:62:in `<top (required)>': uninitialized constant EsodCase (NameError)
	from /usr/local/rvm/gems/ruby-2.2.3/gems/railties-4.2.4/lib/rails/commands/runner.rb:62:in `eval'
	from /usr/local/rvm/gems/ruby-2.2.3/gems/railties-4.2.4/lib/rails/commands/runner.rb:62:in `<top (required)>'
	from /usr/local/rvm/gems/ruby-2.2.3/gems/railties-4.2.4/lib/rails/commands/commands_tasks.rb:123:in `require_command!'
	from /usr/local/rvm/gems/ruby-2.2.3/gems/railties-4.2.4/lib/rails/commands/commands_tasks.rb:90:in `runner'
	from /usr/local/rvm/gems/ruby-2.2.3/gems/railties-4.2.4/lib/rails/commands/commands_tasks.rb:39:in `run_command!'
	from /usr/local/rvm/gems/ruby-2.2.3/gems/railties-4.2.4/lib/rails/commands.rb:17:in `<top (required)>'
	from /home/bogdan/www/20160524_netpar/bin/rails:8:in `<top (required)>'
	from /usr/local/rvm/rubies/ruby-2.2.3/lib/ruby/site_ruby/2.2.0/rubygems/core_ext/kernel_require.rb:54:in `require'
	from /usr/local/rvm/rubies/ruby-2.2.3/lib/ruby/site_ruby/2.2.0/rubygems/core_ext/kernel_require.rb:54:in `require'
	from -e:1:in `<main>'
Running via Spring preloader in process 57525
/usr/local/rvm/gems/ruby-2.2.3/gems/railties-4.2.4/lib/rails/commands/runner.rb:62:in `<top (required)>': uninitialized constant EsodCase (NameError)
	from /usr/local/rvm/gems/ruby-2.2.3/gems/railties-4.2.4/lib/rails/commands/runner.rb:62:in `eval'
	from /usr/local/rvm/gems/ruby-2.2.3/gems/railties-4.2.4/lib/rails/commands/runner.rb:62:in `<top (required)>'
	from /usr/local/rvm/gems/ruby-2.2.3/gems/railties-4.2.4/lib/rails/commands/commands_tasks.rb:123:in `require_command!'
	from /usr/local/rvm/gems/ruby-2.2.3/gems/railties-4.2.4/lib/rails/commands/commands_tasks.rb:90:in `runner'
	from /usr/local/rvm/gems/ruby-2.2.3/gems/railties-4.2.4/lib/rails/commands/commands_tasks.rb:39:in `run_command!'
	from /usr/local/rvm/gems/ruby-2.2.3/gems/railties-4.2.4/lib/rails/commands.rb:17:in `<top (required)>'
	from /home/bogdan/www/20160524_netpar/bin/rails:8:in `<top (required)>'
	from /usr/local/rvm/rubies/ruby-2.2.3/lib/ruby/site_ruby/2.2.0/rubygems/core_ext/kernel_require.rb:54:in `require'
	from /usr/local/rvm/rubies/ruby-2.2.3/lib/ruby/site_ruby/2.2.0/rubygems/core_ext/kernel_require.rb:54:in `require'
	from -e:1:in `<main>'
Running via Spring preloader in process 57644
